<?xml version="1.0" encoding="UTF-8"?>
<testng-results ignored="0" total="2" passed="1" failed="1" skipped="0">
  <reporter-output>
  </reporter-output>
  <suite started-at="2023-12-27T16:37:58 IST" name="Default suite" finished-at="2023-12-27T16:37:58 IST" duration-ms="49">
    <groups>
    </groups>
    <test started-at="2023-12-27T16:37:58 IST" name="Default test" finished-at="2023-12-27T16:37:58 IST" duration-ms="49">
      <class name="com.simplilearn.StockApplication.StockManagement.TestStock">
        <test-method is-config="true" signature="setUp()[pri:0, instance:com.simplilearn.StockApplication.StockManagement.TestStock@692f203f]" started-at="2023-12-27T16:37:58 IST" name="setUp" finished-at="2023-12-27T16:37:58 IST" duration-ms="7" status="PASS">
          <reporter-output>
          </reporter-output>
        </test-method> <!-- setUp -->
        <test-method signature="testSearchProductExists()[pri:0, instance:com.simplilearn.StockApplication.StockManagement.TestStock@692f203f]" started-at="2023-12-27T16:37:58 IST" name="testSearchProductExists" finished-at="2023-12-27T16:37:58 IST" duration-ms="6" status="FAIL">
          <exception class="java.lang.AssertionError">
            <message>
              <![CDATA[expected object to not be null]]>
            </message>
            <full-stacktrace>
              <![CDATA[java.lang.AssertionError: expected object to not be null
at org.testng.Assert.fail(Assert.java:110)
at org.testng.Assert.assertNotNull(Assert.java:1483)
at org.testng.Assert.assertNotNull(Assert.java:1467)
at com.simplilearn.StockApplication.StockManagement.TestStock.testSearchProductExists(TestStock.java:53)
at java.base/jdk.internal.reflect.DirectMethodHandleAccessor.invoke(DirectMethodHandleAccessor.java:104)
at java.base/java.lang.reflect.Method.invoke(Method.java:577)
at org.testng.internal.invokers.MethodInvocationHelper.invokeMethod(MethodInvocationHelper.java:139)
at org.testng.internal.invokers.TestInvoker.invokeMethod(TestInvoker.java:677)
at org.testng.internal.invokers.TestInvoker.invokeTestMethod(TestInvoker.java:221)
at org.testng.internal.invokers.MethodRunner.runInSequence(MethodRunner.java:50)
at org.testng.internal.invokers.TestInvoker$MethodInvocationAgent.invoke(TestInvoker.java:969)
at org.testng.internal.invokers.TestInvoker.invokeTestMethods(TestInvoker.java:194)
at org.testng.internal.invokers.TestMethodWorker.invokeTestMethods(TestMethodWorker.java:148)
at org.testng.internal.invokers.TestMethodWorker.run(TestMethodWorker.java:128)
at java.base/java.util.ArrayList.forEach(ArrayList.java:1511)
at org.testng.TestRunner.privateRun(TestRunner.java:829)
at org.testng.TestRunner.run(TestRunner.java:602)
at org.testng.SuiteRunner.runTest(SuiteRunner.java:437)
at org.testng.SuiteRunner.runSequentially(SuiteRunner.java:431)
at org.testng.SuiteRunner.privateRun(SuiteRunner.java:391)
at org.testng.SuiteRunner.run(SuiteRunner.java:330)
at org.testng.SuiteRunnerWorker.runSuite(SuiteRunnerWorker.java:52)
at org.testng.SuiteRunnerWorker.run(SuiteRunnerWorker.java:95)
at org.testng.TestNG.runSuitesSequentially(TestNG.java:1256)
at org.testng.TestNG.runSuitesLocally(TestNG.java:1176)
at org.testng.TestNG.runSuites(TestNG.java:1099)
at org.testng.TestNG.run(TestNG.java:1067)
at org.testng.remote.AbstractRemoteTestNG.run(AbstractRemoteTestNG.java:115)
at org.testng.remote.RemoteTestNG.initAndRun(RemoteTestNG.java:251)
at org.testng.remote.RemoteTestNG.main(RemoteTestNG.java:77)
]]>
            </full-stacktrace>
          </exception> <!-- java.lang.AssertionError -->
          <reporter-output>
          </reporter-output>
        </test-method> <!-- testSearchProductExists -->
        <test-method is-config="true" signature="setUp()[pri:0, instance:com.simplilearn.StockApplication.StockManagement.TestStock@692f203f]" started-at="2023-12-27T16:37:58 IST" name="setUp" finished-at="2023-12-27T16:37:58 IST" duration-ms="0" status="PASS">
          <reporter-output>
          </reporter-output>
        </test-method> <!-- setUp -->
        <test-method signature="testSearchProductNotExists()[pri:0, instance:com.simplilearn.StockApplication.StockManagement.TestStock@692f203f]" started-at="2023-12-27T16:37:58 IST" name="testSearchProductNotExists" finished-at="2023-12-27T16:37:58 IST" duration-ms="1" status="PASS">
          <reporter-output>
          </reporter-output>
        </test-method> <!-- testSearchProductNotExists -->
      </class> <!-- com.simplilearn.StockApplication.StockManagement.TestStock -->
    </test> <!-- Default test -->
  </suite> <!-- Default suite -->
</testng-results>
